  area.c
  common.c
  date.c
  ginkgo.c
  menuarea.c
D:\桌面\学习\C语言\VS\New_银杏树管理系统\New_银杏树管理系统\common.h(5,9): warning C4005: “NULL”: 宏重定义
  menumain.c
  (编译源文件“ginkgo.c”)
      D:\应用\VS2022\VC\Tools\MSVC\14.41.34120\include\vcruntime.h(230,17):
      参见“NULL”的前一个定义
  
D:\桌面\学习\C语言\VS\New_银杏树管理系统\New_银杏树管理系统\ginkgo.c(25,9): warning C4013: “gets”未定义；假设外部返回 int
D:\桌面\学习\C语言\VS\New_银杏树管理系统\New_银杏树管理系统\ginkgo.c(103,11): warning C4133: “函数”: 从“FILE *”到“const char *const ”的类型不兼容
D:\桌面\学习\C语言\VS\New_银杏树管理系统\New_银杏树管理系统\menuarea.c(11,5): warning C4013: “printf”未定义；假设外部返回 int
D:\桌面\学习\C语言\VS\New_银杏树管理系统\New_银杏树管理系统\menuarea.c(23,32): warning C4133: “函数”: 从“char *”到“String *”的类型不兼容
D:\桌面\学习\C语言\VS\New_银杏树管理系统\New_银杏树管理系统\menuarea.c(27,37): warning C4133: “函数”: 从“char *”到“String *”的类型不兼容
D:\桌面\学习\C语言\VS\New_银杏树管理系统\New_银杏树管理系统\menuarea.c(30,37): warning C4133: “函数”: 从“char *”到“String *”的类型不兼容
D:\桌面\学习\C语言\VS\New_银杏树管理系统\New_银杏树管理系统\menuarea.c(34,37): warning C4133: “函数”: 从“char *”到“String *”的类型不兼容
D:\桌面\学习\C语言\VS\New_银杏树管理系统\New_银杏树管理系统\menuarea.c(39,37): warning C4133: “函数”: 从“char *”到“String *”的类型不兼容
D:\桌面\学习\C语言\VS\New_银杏树管理系统\New_银杏树管理系统\menuarea.c(95,3): warning C4013: “gets”未定义；假设外部返回 int
D:\桌面\学习\C语言\VS\New_银杏树管理系统\New_银杏树管理系统\menuarea.c(164,14): warning C4101: “a”: 未引用的局部变量
D:\桌面\学习\C语言\VS\New_银杏树管理系统\New_银杏树管理系统\common.h(5,9): warning C4005: “NULL”: 宏重定义
  (编译源文件“menumain.c”)
      D:\应用\VS2022\VC\Tools\MSVC\14.41.34120\include\vcruntime.h(230,17):
      参见“NULL”的前一个定义
  
D:\桌面\学习\C语言\VS\New_银杏树管理系统\New_银杏树管理系统\menumain.c(34,32): warning C4133: “函数”: 从“char *”到“String *”的类型不兼容
D:\桌面\学习\C语言\VS\New_银杏树管理系统\New_银杏树管理系统\menumain.c(35,32): warning C4133: “函数”: 从“char *”到“String *”的类型不兼容
D:\桌面\学习\C语言\VS\New_银杏树管理系统\New_银杏树管理系统\menumain.c(36,32): warning C4133: “函数”: 从“char *”到“String *”的类型不兼容
D:\桌面\学习\C语言\VS\New_银杏树管理系统\New_银杏树管理系统\menumain.c(37,32): warning C4133: “函数”: 从“char *”到“String *”的类型不兼容
D:\桌面\学习\C语言\VS\New_银杏树管理系统\New_银杏树管理系统\menumain.c(38,32): warning C4133: “函数”: 从“char *”到“String *”的类型不兼容
D:\桌面\学习\C语言\VS\New_银杏树管理系统\New_银杏树管理系统\menumain.c(39,32): warning C4133: “函数”: 从“char *”到“String *”的类型不兼容
D:\桌面\学习\C语言\VS\New_银杏树管理系统\New_银杏树管理系统\menumain.c(45,13): warning C4013: “gets”未定义；假设外部返回 int
D:\桌面\学习\C语言\VS\New_银杏树管理系统\New_银杏树管理系统\menumain.c(51,37): warning C4133: “函数”: 从“char *”到“String *”的类型不兼容
D:\桌面\学习\C语言\VS\New_银杏树管理系统\New_银杏树管理系统\menumain.c(54,37): warning C4133: “函数”: 从“char *”到“String *”的类型不兼容
D:\桌面\学习\C语言\VS\New_银杏树管理系统\New_银杏树管理系统\menumain.c(57,37): warning C4133: “函数”: 从“char *”到“String *”的类型不兼容
D:\桌面\学习\C语言\VS\New_银杏树管理系统\New_银杏树管理系统\menumain.c(60,37): warning C4133: “函数”: 从“char *”到“String *”的类型不兼容
D:\桌面\学习\C语言\VS\New_银杏树管理系统\New_银杏树管理系统\menumain.c(63,37): warning C4133: “函数”: 从“char *”到“String *”的类型不兼容
D:\桌面\学习\C语言\VS\New_银杏树管理系统\New_银杏树管理系统\menumain.c(67,37): warning C4133: “函数”: 从“char *”到“String *”的类型不兼容
D:\桌面\学习\C语言\VS\New_银杏树管理系统\New_银杏树管理系统\menumain.c(71,37): warning C4133: “函数”: 从“char *”到“String *”的类型不兼容
D:\桌面\学习\C语言\VS\New_银杏树管理系统\New_银杏树管理系统\menumain.c(74,37): warning C4133: “函数”: 从“char *”到“String *”的类型不兼容
D:\桌面\学习\C语言\VS\New_银杏树管理系统\New_银杏树管理系统\menumain.c(77,37): warning C4133: “函数”: 从“char *”到“String *”的类型不兼容
D:\桌面\学习\C语言\VS\New_银杏树管理系统\New_银杏树管理系统\menumain.c(78,13): warning C4013: “chectAreasNum”未定义；假设外部返回 int
D:\桌面\学习\C语言\VS\New_银杏树管理系统\New_银杏树管理系统\menumain.c(81,37): warning C4133: “函数”: 从“char *”到“String *”的类型不兼容
  menutree.c
D:\桌面\学习\C语言\VS\New_银杏树管理系统\New_银杏树管理系统\common.h(5,9): warning C4005: “NULL”: 宏重定义
  (编译源文件“menutree.c”)
      D:\应用\VS2022\VC\Tools\MSVC\14.41.34120\include\vcruntime.h(230,17):
      参见“NULL”的前一个定义
  
D:\桌面\学习\C语言\VS\New_银杏树管理系统\New_银杏树管理系统\menutree.c(26,29): warning C4133: “函数”: 从“char *”到“String *”的类型不兼容
D:\桌面\学习\C语言\VS\New_银杏树管理系统\New_银杏树管理系统\menutree.c(30,34): warning C4133: “函数”: 从“char *”到“String *”的类型不兼容
D:\桌面\学习\C语言\VS\New_银杏树管理系统\New_银杏树管理系统\menutree.c(33,34): warning C4133: “函数”: 从“char *”到“String *”的类型不兼容
D:\桌面\学习\C语言\VS\New_银杏树管理系统\New_银杏树管理系统\menutree.c(36,34): warning C4133: “函数”: 从“char *”到“String *”的类型不兼容
D:\桌面\学习\C语言\VS\New_银杏树管理系统\New_银杏树管理系统\menutree.c(39,34): warning C4133: “函数”: 从“char *”到“String *”的类型不兼容
D:\桌面\学习\C语言\VS\New_银杏树管理系统\New_银杏树管理系统\menutree.c(53,2): warning C4013: “gets”未定义；假设外部返回 int
D:\桌面\学习\C语言\VS\New_银杏树管理系统\New_银杏树管理系统\menutree.c(71,2): warning C4098: “inputTree”:“void”函数返回值
D:\桌面\学习\C语言\VS\New_银杏树管理系统\New_银杏树管理系统\menutree.c(89,9): warning C4477: “printf”: 格式字符串“%s”需要类型“char *”的参数，但可变参数 2 拥有了类型“String”
  string.c
D:\桌面\学习\C语言\VS\New_银杏树管理系统\New_银杏树管理系统\common.h(5,9): warning C4005: “NULL”: 宏重定义
  (编译源文件“string.c”)
      D:\应用\VS2022\VC\Tools\MSVC\14.41.34120\include\vcruntime.h(230,17):
      参见“NULL”的前一个定义
  
D:\桌面\学习\C语言\VS\New_银杏树管理系统\New_银杏树管理系统\string.c(22,10): warning C4267: “初始化”: 从“size_t”转换到“int”，可能丢失数据
D:\桌面\学习\C语言\VS\New_银杏树管理系统\New_银杏树管理系统\string.c(47,14): warning C4267: “初始化”: 从“size_t”转换到“int”，可能丢失数据
D:\桌面\学习\C语言\VS\New_银杏树管理系统\New_银杏树管理系统\string.c(47,32): warning C4267: “初始化”: 从“size_t”转换到“int”，可能丢失数据
  tree.c
  正在生成代码...
D:\桌面\学习\C语言\VS\New_银杏树管理系统\New_银杏树管理系统\string.c(26,1): warning C4716: “mystrcpy”: 必须返回一个值
D:\桌面\学习\C语言\VS\New_银杏树管理系统\New_银杏树管理系统\menutree.c(178,1): warning C4716: “findTreesListByAge”: 必须返回一个值
D:\桌面\学习\C语言\VS\New_银杏树管理系统\New_银杏树管理系统\menutree.c(173,1): warning C4716: “findTreesListByArea”: 必须返回一个值
  Ginkgo_Management_System.c
D:\桌面\学习\C语言\VS\New_银杏树管理系统\New_银杏树管理系统\common.h(5,9): warning C4005: “NULL”: 宏重定义
  (编译源文件“Ginkgo_Management_System.c”)
      D:\应用\VS2022\VC\Tools\MSVC\14.41.34120\include\vcruntime.h(230,17):
      参见“NULL”的前一个定义
  
D:\桌面\学习\C语言\VS\New_银杏树管理系统\New_银杏树管理系统\Ginkgo_Management_System.c(44,9): warning C4013: “gets”未定义；假设外部返回 int
  New_银杏树管理系统.vcxproj -> D:\桌面\学习\C语言\VS\New_银杏树管理系统\New_银杏树管理系统\x64\Debug\New_银杏树管理系统.exe
